<?xml version="1.0" encoding="UTF-8"?>
<testsuite name="com.george.vending.service.VendingServiceTest" tests="1" skipped="0" failures="0" errors="0" timestamp="2018-05-26T15:47:28" hostname="George-PC" time="0.0">
  <properties/>
  <testcase name="test" classname="com.george.vending.service.VendingServiceTest" time="0.0"/>
  <system-out><![CDATA[]]></system-out>
  <system-err><![CDATA[]]></system-err>
</testsuite>
