<?xml version="1.0" encoding="UTF-8"?>
<testsuite name="com.george.vending.models.ProductInventoryTest" tests="4" skipped="0" failures="0" errors="0" timestamp="2018-05-29T19:40:07" hostname="George-PC" time="0.002">
  <properties/>
  <testcase name="testCreateInventory" classname="com.george.vending.models.ProductInventoryTest" time="0.001"/>
  <testcase name="testInitialMapAddedToInventory" classname="com.george.vending.models.ProductInventoryTest" time="0.0"/>
  <testcase name="testNonExistingProduct" classname="com.george.vending.models.ProductInventoryTest" time="0.0"/>
  <testcase name="testGetProduct" classname="com.george.vending.models.ProductInventoryTest" time="0.0"/>
  <system-out><![CDATA[]]></system-out>
  <system-err><![CDATA[]]></system-err>
</testsuite>
